<?xml version="1.0" encoding="UTF-8"?>
<testng-results skipped="0" failed="0" total="1" passed="1">
  <reporter-output>
  </reporter-output>
  <suite name="Default suite" duration-ms="18910" started-at="2019-06-17T05:16:21Z" finished-at="2019-06-17T05:16:40Z">
    <groups>
    </groups>
    <test name="Default test" duration-ms="18910" started-at="2019-06-17T05:16:21Z" finished-at="2019-06-17T05:16:40Z">
      <class name="com.training.sanity.tests.CustomerDeleteTest">
        <test-method status="PASS" signature="extentretport()[pri:0, instance:com.training.sanity.tests.CustomerDeleteTest@71c7db30]" name="extentretport" is-config="true" duration-ms="231" started-at="2019-06-17T10:46:21Z" finished-at="2019-06-17T10:46:21Z">
          <reporter-output>
          </reporter-output>
        </test-method> <!-- extentretport -->
        <test-method status="PASS" signature="setUpBeforeClass()[pri:0, instance:com.training.sanity.tests.CustomerDeleteTest@71c7db30]" name="setUpBeforeClass" is-config="true" duration-ms="1" started-at="2019-06-17T10:46:21Z" finished-at="2019-06-17T10:46:21Z">
          <reporter-output>
          </reporter-output>
        </test-method> <!-- setUpBeforeClass -->
        <test-method status="PASS" signature="setUp()[pri:0, instance:com.training.sanity.tests.CustomerDeleteTest@71c7db30]" name="setUp" is-config="true" duration-ms="6483" started-at="2019-06-17T10:46:21Z" finished-at="2019-06-17T10:46:28Z">
          <reporter-output>
          </reporter-output>
        </test-method> <!-- setUp -->
        <test-method status="PASS" signature="Cust_Search_Test()[pri:0, instance:com.training.sanity.tests.CustomerDeleteTest@71c7db30]" name="Cust_Search_Test" duration-ms="9596" started-at="2019-06-17T10:46:28Z" finished-at="2019-06-17T10:46:37Z">
          <reporter-output>
          </reporter-output>
        </test-method> <!-- Cust_Search_Test -->
        <test-method status="PASS" signature="tearDown()[pri:0, instance:com.training.sanity.tests.CustomerDeleteTest@71c7db30]" name="tearDown" is-config="true" duration-ms="2581" started-at="2019-06-17T10:46:37Z" finished-at="2019-06-17T10:46:40Z">
          <reporter-output>
          </reporter-output>
        </test-method> <!-- tearDown -->
      </class> <!-- com.training.sanity.tests.CustomerDeleteTest -->
    </test> <!-- Default test -->
  </suite> <!-- Default suite -->
</testng-results>
